<?xml version="1.0" encoding="UTF-8"?>
<testng-results skipped="0" failed="0" ignored="0" total="1" passed="1">
  <reporter-output>
  </reporter-output>
  <suite name="Default suite" duration-ms="35379" started-at="2020-07-04T21:51:52 PHT" finished-at="2020-07-04T21:52:28 PHT">
    <groups>
    </groups>
    <test name="Default test" duration-ms="35379" started-at="2020-07-04T21:51:52 PHT" finished-at="2020-07-04T21:52:28 PHT">
      <class name="framework.test.WrongUsername">
        <test-method status="PASS" signature="beforeTest()[pri:0, instance:framework.test.WrongUsername@6c49835d]" name="beforeTest" is-config="true" duration-ms="7042" started-at="2020-07-04T21:51:52 PHT" finished-at="2020-07-04T21:51:59 PHT">
          <reporter-output>
          </reporter-output>
        </test-method> <!-- beforeTest -->
        <test-method status="PASS" signature="test()[pri:0, instance:framework.test.WrongUsername@6c49835d]" name="test" duration-ms="28118" started-at="2020-07-04T21:51:59 PHT" finished-at="2020-07-04T21:52:27 PHT">
          <reporter-output>
          </reporter-output>
        </test-method> <!-- test -->
        <test-method status="PASS" signature="afterTest()[pri:0, instance:framework.test.WrongUsername@6c49835d]" name="afterTest" is-config="true" duration-ms="160" started-at="2020-07-04T21:52:27 PHT" finished-at="2020-07-04T21:52:28 PHT">
          <reporter-output>
          </reporter-output>
        </test-method> <!-- afterTest -->
      </class> <!-- framework.test.WrongUsername -->
    </test> <!-- Default test -->
  </suite> <!-- Default suite -->
</testng-results>
